TN:
SF:controllers\admin.controller.js
FN:14,(anonymous_0)
FN:57,(anonymous_1)
FN:115,(anonymous_2)
FN:128,(anonymous_3)
FN:196,(anonymous_4)
FN:229,(anonymous_5)
FN:289,(anonymous_6)
FN:312,(anonymous_7)
FN:327,(anonymous_8)
FN:362,(anonymous_9)
FN:367,(anonymous_10)
FN:375,(anonymous_11)
FN:377,(anonymous_12)
FN:392,(anonymous_13)
FN:429,(anonymous_14)
FNF:15
FNH:15
FNDA:3,(anonymous_0)
FNDA:2,(anonymous_1)
FNDA:2,(anonymous_2)
FNDA:3,(anonymous_3)
FNDA:2,(anonymous_4)
FNDA:2,(anonymous_5)
FNDA:2,(anonymous_6)
FNDA:1,(anonymous_7)
FNDA:3,(anonymous_8)
FNDA:2,(anonymous_9)
FNDA:1,(anonymous_10)
FNDA:1,(anonymous_11)
FNDA:1,(anonymous_12)
FNDA:3,(anonymous_13)
FNDA:2,(anonymous_14)
DA:1,1
DA:2,1
DA:3,1
DA:4,1
DA:5,1
DA:6,1
DA:7,1
DA:14,1
DA:15,3
DA:16,3
DA:18,3
DA:19,3
DA:20,1
DA:25,2
DA:26,2
DA:27,1
DA:32,1
DA:45,1
DA:50,0
DA:51,0
DA:57,1
DA:58,2
DA:59,2
DA:69,2
DA:72,2
DA:73,2
DA:74,1
DA:80,1
DA:81,1
DA:82,1
DA:83,1
DA:84,1
DA:86,1
DA:89,1
DA:90,1
DA:91,1
DA:92,1
DA:93,1
DA:94,1
DA:95,1
DA:98,1
DA:107,0
DA:108,0
DA:115,1
DA:116,2
DA:117,2
DA:118,2
DA:124,0
DA:128,1
DA:129,3
DA:130,3
DA:133,3
DA:135,3
DA:136,1
DA:142,2
DA:143,1
DA:150,1
DA:151,1
DA:152,1
DA:155,1
DA:168,1
DA:178,1
DA:187,0
DA:188,0
DA:196,1
DA:197,2
DA:198,2
DA:201,2
DA:210,2
DA:211,1
DA:217,1
DA:223,0
DA:224,0
DA:229,1
DA:230,2
DA:239,2
DA:242,2
DA:243,0
DA:249,2
DA:254,2
DA:255,1
DA:262,1
DA:273,1
DA:279,0
DA:280,0
DA:289,1
DA:290,2
DA:291,2
DA:295,2
DA:300,0
DA:301,0
DA:312,1
DA:313,1
DA:314,1
DA:315,1
DA:321,0
DA:327,1
DA:328,3
DA:329,3
DA:332,3
DA:333,3
DA:334,1
DA:340,2
DA:341,2
DA:342,1
DA:347,1
DA:355,0
DA:356,0
DA:362,1
DA:363,2
DA:365,2
DA:367,2
DA:370,2
DA:372,2
DA:376,1
DA:377,1
DA:379,1
DA:386,0
DA:387,0
DA:392,1
DA:393,3
DA:394,3
DA:397,3
DA:399,3
DA:400,1
DA:407,2
DA:408,2
DA:410,2
DA:411,1
DA:416,1
DA:423,0
DA:424,0
DA:429,1
DA:430,2
DA:431,2
DA:441,2
DA:444,2
DA:456,2
DA:469,2
DA:470,1
DA:476,1
DA:485,0
DA:486,0
LF:143
LH:120
BRDA:19,0,0,1
BRDA:19,0,1,2
BRDA:19,1,0,3
BRDA:19,1,1,2
BRDA:26,2,0,1
BRDA:26,2,1,1
BRDA:73,3,0,1
BRDA:73,3,1,1
BRDA:73,4,0,2
BRDA:73,4,1,1
BRDA:80,5,0,1
BRDA:80,5,1,0
BRDA:81,6,0,1
BRDA:81,6,1,0
BRDA:82,7,0,1
BRDA:82,7,1,0
BRDA:83,8,0,1
BRDA:83,8,1,0
BRDA:90,9,0,1
BRDA:90,9,1,0
BRDA:91,10,0,1
BRDA:91,10,1,0
BRDA:92,11,0,1
BRDA:92,11,1,0
BRDA:93,12,0,1
BRDA:93,12,1,0
BRDA:135,13,0,1
BRDA:135,13,1,2
BRDA:142,14,0,1
BRDA:142,14,1,1
BRDA:190,15,0,0
BRDA:190,15,1,0
BRDA:210,16,0,1
BRDA:210,16,1,1
BRDA:242,17,0,0
BRDA:242,17,1,2
BRDA:254,18,0,1
BRDA:254,18,1,1
BRDA:333,19,0,1
BRDA:333,19,1,2
BRDA:341,20,0,1
BRDA:341,20,1,1
BRDA:381,21,0,1
BRDA:381,21,1,0
BRDA:399,22,0,1
BRDA:399,22,1,2
BRDA:410,23,0,1
BRDA:410,23,1,1
BRDA:410,24,0,2
BRDA:410,24,1,1
BRDA:469,25,0,1
BRDA:469,25,1,1
BRDA:469,26,0,2
BRDA:469,26,1,1
BRF:54
BRH:42
end_of_record
TN:
SF:controllers\doctor.controller.js
FN:12,(anonymous_0)
FN:46,(anonymous_1)
FN:74,(anonymous_2)
FN:103,(anonymous_3)
FN:107,(anonymous_4)
FN:112,(anonymous_5)
FN:130,(anonymous_6)
FN:178,(anonymous_7)
FN:210,(anonymous_8)
FN:237,(anonymous_9)
FN:266,(anonymous_10)
FN:310,(anonymous_11)
FN:360,(anonymous_12)
FNF:13
FNH:8
FNDA:2,(anonymous_0)
FNDA:0,(anonymous_1)
FNDA:1,(anonymous_2)
FNDA:0,(anonymous_3)
FNDA:0,(anonymous_4)
FNDA:0,(anonymous_5)
FNDA:4,(anonymous_6)
FNDA:4,(anonymous_7)
FNDA:0,(anonymous_8)
FNDA:3,(anonymous_9)
FNDA:4,(anonymous_10)
FNDA:4,(anonymous_11)
FNDA:3,(anonymous_12)
DA:1,1
DA:2,1
DA:3,1
DA:4,1
DA:5,1
DA:6,1
DA:8,1
DA:12,1
DA:13,2
DA:14,2
DA:15,2
DA:16,1
DA:19,1
DA:20,1
DA:23,1
DA:24,1
DA:25,1
DA:29,0
DA:30,0
DA:31,0
DA:32,0
DA:34,0
DA:35,0
DA:36,0
DA:37,0
DA:38,0
DA:39,0
DA:43,0
DA:46,0
DA:47,0
DA:48,0
DA:51,0
DA:52,0
DA:55,0
DA:61,0
DA:67,0
DA:68,0
DA:74,1
DA:75,1
DA:76,1
DA:77,1
DA:78,1
DA:81,0
DA:82,0
DA:85,0
DA:86,0
DA:87,0
DA:89,0
DA:90,0
DA:91,0
DA:92,0
DA:93,0
DA:94,0
DA:98,0
DA:103,0
DA:104,0
DA:107,0
DA:108,0
DA:109,0
DA:112,0
DA:117,0
DA:123,0
DA:124,0
DA:130,1
DA:131,4
DA:132,4
DA:133,4
DA:134,1
DA:137,3
DA:138,3
DA:139,3
DA:141,3
DA:142,3
DA:144,3
DA:145,1
DA:148,2
DA:153,2
DA:155,2
DA:156,1
DA:159,1
DA:160,1
DA:161,1
DA:163,1
DA:164,1
DA:166,1
DA:172,0
DA:173,0
DA:178,1
DA:179,4
DA:180,4
DA:181,4
DA:182,1
DA:185,3
DA:186,3
DA:189,3
DA:190,3
DA:191,1
DA:195,2
DA:196,1
DA:200,1
DA:201,1
DA:202,1
DA:206,0
DA:207,0
DA:209,0
DA:211,0
DA:215,0
DA:217,0
DA:218,0
DA:219,0
DA:222,0
DA:228,0
DA:229,0
DA:237,1
DA:238,3
DA:239,3
DA:240,3
DA:241,1
DA:244,2
DA:247,2
DA:252,2
DA:258,0
DA:259,0
DA:266,1
DA:267,4
DA:268,4
DA:269,4
DA:270,1
DA:273,3
DA:274,3
DA:275,3
DA:277,3
DA:278,3
DA:281,3
DA:282,1
DA:286,2
DA:287,2
DA:288,1
DA:292,1
DA:293,1
DA:295,1
DA:301,0
DA:302,0
DA:310,1
DA:311,4
DA:312,4
DA:313,4
DA:314,1
DA:317,3
DA:320,3
DA:321,3
DA:322,1
DA:326,2
DA:327,2
DA:328,1
DA:332,1
DA:348,1
DA:353,0
DA:354,0
DA:360,1
DA:361,3
DA:362,3
DA:363,3
DA:364,1
DA:367,2
DA:368,2
DA:371,2
DA:372,2
DA:373,1
DA:377,1
DA:378,1
DA:379,1
DA:380,1
DA:385,0
DA:386,0
DA:387,0
DA:388,0
DA:389,0
DA:391,0
DA:393,0
DA:397,0
DA:399,0
DA:402,0
DA:403,0
DA:404,0
DA:405,0
DA:406,0
DA:409,0
DA:411,0
DA:417,0
DA:426,0
DA:427,0
LF:192
LH:113
BRDA:15,0,0,1
BRDA:15,0,1,1
BRDA:24,1,0,1
BRDA:24,1,1,0
BRDA:34,2,0,0
BRDA:34,2,1,0
BRDA:36,3,0,0
BRDA:36,3,1,0
BRDA:38,4,0,0
BRDA:38,4,1,0
BRDA:51,5,0,0
BRDA:51,5,1,0
BRDA:77,6,0,1
BRDA:77,6,1,0
BRDA:89,7,0,0
BRDA:89,7,1,0
BRDA:91,8,0,0
BRDA:91,8,1,0
BRDA:93,9,0,0
BRDA:93,9,1,0
BRDA:114,10,0,0
BRDA:114,10,1,0
BRDA:133,11,0,1
BRDA:133,11,1,3
BRDA:144,12,0,1
BRDA:144,12,1,2
BRDA:155,13,0,1
BRDA:155,13,1,1
BRDA:160,14,0,1
BRDA:160,14,1,0
BRDA:181,15,0,1
BRDA:181,15,1,3
BRDA:190,16,0,1
BRDA:190,16,1,2
BRDA:195,17,0,1
BRDA:195,17,1,1
BRDA:201,18,0,1
BRDA:201,18,1,0
BRDA:211,19,0,0
BRDA:211,19,1,0
BRDA:215,20,0,0
BRDA:215,20,1,0
BRDA:240,21,0,1
BRDA:240,21,1,2
BRDA:269,22,0,1
BRDA:269,22,1,3
BRDA:281,23,0,1
BRDA:281,23,1,2
BRDA:287,24,0,1
BRDA:287,24,1,1
BRDA:313,25,0,1
BRDA:313,25,1,3
BRDA:321,26,0,1
BRDA:321,26,1,2
BRDA:321,27,0,3
BRDA:321,27,1,2
BRDA:327,28,0,1
BRDA:327,28,1,1
BRDA:363,29,0,1
BRDA:363,29,1,2
BRDA:372,30,0,1
BRDA:372,30,1,1
BRDA:377,31,0,1
BRDA:377,31,1,0
BRDA:379,32,0,1
BRDA:379,32,1,0
BRDA:388,33,0,0
BRDA:388,33,1,0
BRDA:389,34,0,0
BRDA:389,34,1,0
BRDA:389,35,0,0
BRDA:389,35,1,0
BRDA:405,36,0,0
BRDA:405,36,1,0
BRF:74
BRH:40
end_of_record
TN:
SF:controllers\patient.controller.js
FN:14,(anonymous_0)
FN:22,(anonymous_1)
FN:40,(anonymous_2)
FN:41,(anonymous_3)
FN:45,(anonymous_4)
FN:62,(anonymous_5)
FN:87,(anonymous_6)
FN:122,(anonymous_7)
FN:166,(anonymous_8)
FN:207,(anonymous_9)
FN:248,(anonymous_10)
FN:338,(anonymous_11)
FN:396,(anonymous_12)
FN:428,(anonymous_13)
FN:475,(anonymous_14)
FN:504,(anonymous_15)
FN:560,(anonymous_16)
FN:583,(anonymous_17)
FN:624,(anonymous_18)
FN:672,(anonymous_19)
FN:697,(anonymous_20)
FNF:21
FNH:18
FNDA:1,(anonymous_0)
FNDA:1,(anonymous_1)
FNDA:0,(anonymous_2)
FNDA:0,(anonymous_3)
FNDA:1,(anonymous_4)
FNDA:2,(anonymous_5)
FNDA:3,(anonymous_6)
FNDA:4,(anonymous_7)
FNDA:2,(anonymous_8)
FNDA:1,(anonymous_9)
FNDA:5,(anonymous_10)
FNDA:3,(anonymous_11)
FNDA:4,(anonymous_12)
FNDA:2,(anonymous_13)
FNDA:1,(anonymous_14)
FNDA:2,(anonymous_15)
FNDA:0,(anonymous_16)
FNDA:1,(anonymous_17)
FNDA:2,(anonymous_18)
FNDA:1,(anonymous_19)
FNDA:2,(anonymous_20)
DA:1,1
DA:2,1
DA:3,1
DA:4,1
DA:5,1
DA:6,1
DA:7,1
DA:8,1
DA:9,1
DA:14,1
DA:15,1
DA:16,1
DA:17,1
DA:20,1
DA:21,1
DA:22,1
DA:23,1
DA:27,1
DA:28,0
DA:35,1
DA:36,1
DA:37,0
DA:40,0
DA:41,0
DA:45,1
DA:46,1
DA:47,1
DA:50,1
DA:56,0
DA:57,0
DA:62,1
DA:63,2
DA:64,2
DA:65,2
DA:67,2
DA:68,1
DA:71,1
DA:72,1
DA:73,0
DA:76,1
DA:81,0
DA:82,0
DA:87,1
DA:88,3
DA:89,3
DA:90,3
DA:91,0
DA:93,3
DA:94,3
DA:96,3
DA:97,0
DA:101,3
DA:102,3
DA:103,0
DA:107,3
DA:108,3
DA:109,0
DA:112,3
DA:113,3
DA:114,3
DA:117,3
DA:118,1
DA:122,2
DA:123,4
DA:124,4
DA:127,4
DA:128,4
DA:130,4
DA:137,2
DA:138,1
DA:142,1
DA:149,1
DA:150,0
DA:154,1
DA:166,1
DA:167,2
DA:168,2
DA:169,2
DA:170,2
DA:172,2
DA:177,1
DA:179,1
DA:183,1
DA:186,1
DA:195,1
DA:201,0
DA:202,0
DA:207,1
DA:208,1
DA:209,1
DA:210,1
DA:211,0
DA:213,1
DA:214,1
DA:216,1
DA:217,1
DA:218,1
DA:219,1
DA:221,1
DA:222,1
DA:223,0
DA:224,1
DA:225,0
DA:226,1
DA:227,1
DA:230,1
DA:237,1
DA:243,0
DA:244,0
DA:248,1
DA:249,5
DA:250,5
DA:252,5
DA:253,0
DA:254,0
DA:257,5
DA:258,5
DA:260,5
DA:261,5
DA:263,5
DA:264,5
DA:265,0
DA:266,0
DA:269,5
DA:271,5
DA:272,1
DA:273,1
DA:276,4
DA:277,1
DA:278,1
DA:281,3
DA:282,3
DA:283,3
DA:284,1
DA:285,1
DA:289,2
DA:290,2
DA:291,2
DA:293,2
DA:296,2
DA:297,2
DA:300,2
DA:301,2
DA:302,2
DA:304,2
DA:319,2
DA:321,2
DA:322,1
DA:325,2
DA:332,0
DA:333,0
DA:338,1
DA:339,3
DA:340,3
DA:341,3
DA:342,3
DA:344,3
DA:345,0
DA:347,3
DA:348,3
DA:349,3
DA:351,3
DA:352,0
DA:356,3
DA:357,1
DA:360,2
DA:361,2
DA:362,0
DA:364,2
DA:366,2
DA:367,0
DA:369,2
DA:370,0
DA:372,2
DA:373,0
DA:377,2
DA:378,2
DA:379,0
DA:381,2
DA:383,2
DA:384,2
DA:385,2
DA:386,0
DA:389,2
DA:390,2
DA:391,0
DA:393,2
DA:396,2
DA:397,4
DA:398,4
DA:400,4
DA:410,4
DA:412,2
DA:413,1
DA:417,1
DA:424,1
DA:425,0
DA:428,2
DA:430,1
DA:431,1
DA:434,1
DA:440,1
DA:447,1
DA:454,1
DA:455,1
DA:456,1
DA:457,1
DA:458,1
DA:459,1
DA:460,1
DA:462,1
DA:468,0
DA:469,0
DA:475,1
DA:476,1
DA:477,1
DA:478,1
DA:479,0
DA:481,1
DA:482,1
DA:484,1
DA:485,0
DA:488,1
DA:489,1
DA:490,0
DA:493,1
DA:498,0
DA:499,0
DA:504,1
DA:505,2
DA:506,2
DA:507,2
DA:508,0
DA:510,2
DA:511,2
DA:514,2
DA:515,0
DA:519,2
DA:520,2
DA:521,1
DA:525,1
DA:526,1
DA:527,0
DA:531,1
DA:532,1
DA:533,0
DA:537,1
DA:538,1
DA:539,1
DA:540,1
DA:541,1
DA:542,1
DA:545,1
DA:546,1
DA:547,0
DA:550,1
DA:551,1
DA:552,1
DA:553,1
DA:554,1
DA:555,1
DA:557,1
DA:558,0
DA:560,0
DA:563,1
DA:564,1
DA:567,1
DA:568,1
DA:570,1
DA:576,0
DA:577,0
DA:583,1
DA:584,1
DA:585,1
DA:586,1
DA:587,0
DA:589,1
DA:591,1
DA:593,1
DA:598,1
DA:603,1
DA:608,1
DA:618,0
DA:619,0
DA:624,1
DA:625,2
DA:626,2
DA:627,2
DA:630,2
DA:631,2
DA:632,0
DA:634,2
DA:635,0
DA:637,2
DA:638,1
DA:640,1
DA:641,0
DA:645,1
DA:653,1
DA:656,1
DA:657,1
DA:658,1
DA:660,1
DA:666,0
DA:667,0
DA:672,1
DA:673,1
DA:674,1
DA:675,1
DA:676,0
DA:678,1
DA:680,1
DA:685,1
DA:691,0
DA:692,0
DA:697,1
DA:698,2
DA:699,2
DA:700,2
DA:701,0
DA:703,2
DA:704,2
DA:706,2
DA:707,0
DA:710,2
DA:711,2
DA:713,2
DA:714,2
DA:716,2
DA:717,2
DA:718,1
DA:719,1
DA:723,1
DA:724,1
DA:725,0
DA:726,0
DA:730,1
DA:731,1
DA:732,0
DA:733,0
DA:737,1
DA:738,1
DA:739,1
DA:740,1
DA:742,1
DA:744,0
DA:748,2
DA:749,1
DA:756,1
DA:763,0
DA:764,0
LF:351
LH:278
BRDA:20,0,0,1
BRDA:20,0,1,0
BRDA:27,1,0,0
BRDA:27,1,1,1
BRDA:36,2,0,0
BRDA:36,2,1,1
BRDA:67,3,0,1
BRDA:67,3,1,1
BRDA:72,4,0,0
BRDA:72,4,1,1
BRDA:90,5,0,0
BRDA:90,5,1,3
BRDA:96,6,0,0
BRDA:96,6,1,3
BRDA:96,7,0,3
BRDA:96,7,1,3
BRDA:96,7,2,3
BRDA:102,8,0,0
BRDA:102,8,1,3
BRDA:108,9,0,0
BRDA:108,9,1,3
BRDA:117,10,0,1
BRDA:117,10,1,2
BRDA:131,11,0,4
BRDA:131,11,1,2
BRDA:131,11,2,2
BRDA:137,12,0,1
BRDA:137,12,1,1
BRDA:149,13,0,0
BRDA:149,13,1,1
BRDA:159,14,0,1
BRDA:159,14,1,0
BRDA:172,15,0,1
BRDA:172,15,1,1
BRDA:173,16,0,2
BRDA:173,16,1,1
BRDA:173,16,2,1
BRDA:210,17,0,0
BRDA:210,17,1,1
BRDA:222,18,0,0
BRDA:222,18,1,1
BRDA:224,19,0,0
BRDA:224,19,1,1
BRDA:226,20,0,1
BRDA:226,20,1,0
BRDA:252,21,0,0
BRDA:252,21,1,5
BRDA:264,22,0,0
BRDA:264,22,1,5
BRDA:271,23,0,1
BRDA:271,23,1,4
BRDA:276,24,0,1
BRDA:276,24,1,3
BRDA:283,25,0,1
BRDA:283,25,1,2
BRDA:321,26,0,1
BRDA:321,26,1,1
BRDA:344,27,0,0
BRDA:344,27,1,3
BRDA:351,28,0,0
BRDA:351,28,1,3
BRDA:351,29,0,3
BRDA:351,29,1,3
BRDA:356,30,0,1
BRDA:356,30,1,2
BRDA:361,31,0,0
BRDA:361,31,1,2
BRDA:366,32,0,0
BRDA:366,32,1,2
BRDA:369,33,0,0
BRDA:369,33,1,2
BRDA:372,34,0,0
BRDA:372,34,1,2
BRDA:378,35,0,0
BRDA:378,35,1,2
BRDA:385,36,0,0
BRDA:385,36,1,2
BRDA:390,37,0,0
BRDA:390,37,1,2
BRDA:410,38,0,4
BRDA:410,38,1,1
BRDA:410,38,2,1
BRDA:412,39,0,1
BRDA:412,39,1,1
BRDA:424,40,0,0
BRDA:424,40,1,1
BRDA:456,41,0,1
BRDA:456,41,1,0
BRDA:478,42,0,0
BRDA:478,42,1,1
BRDA:484,43,0,0
BRDA:484,43,1,1
BRDA:484,44,0,1
BRDA:484,44,1,1
BRDA:489,45,0,0
BRDA:489,45,1,1
BRDA:507,46,0,0
BRDA:507,46,1,2
BRDA:514,47,0,0
BRDA:514,47,1,2
BRDA:514,48,0,2
BRDA:514,48,1,2
BRDA:514,48,2,2
BRDA:514,48,3,2
BRDA:520,49,0,1
BRDA:520,49,1,1
BRDA:526,50,0,0
BRDA:526,50,1,1
BRDA:526,51,0,1
BRDA:526,51,1,1
BRDA:532,52,0,0
BRDA:532,52,1,1
BRDA:546,53,0,0
BRDA:546,53,1,1
BRDA:550,54,0,1
BRDA:550,54,1,0
BRDA:551,55,0,1
BRDA:551,55,1,0
BRDA:552,56,0,1
BRDA:552,56,1,0
BRDA:553,57,0,1
BRDA:553,57,1,0
BRDA:554,58,0,1
BRDA:554,58,1,0
BRDA:555,59,0,0
BRDA:555,59,1,1
BRDA:557,60,0,0
BRDA:557,60,1,1
BRDA:558,61,0,0
BRDA:558,61,1,0
BRDA:586,62,0,0
BRDA:586,62,1,1
BRDA:631,63,0,0
BRDA:631,63,1,2
BRDA:634,64,0,0
BRDA:634,64,1,2
BRDA:637,65,0,1
BRDA:637,65,1,1
BRDA:640,66,0,0
BRDA:640,66,1,1
BRDA:675,67,0,0
BRDA:675,67,1,1
BRDA:700,68,0,0
BRDA:700,68,1,2
BRDA:706,69,0,0
BRDA:706,69,1,2
BRDA:706,70,0,2
BRDA:706,70,1,2
BRDA:706,70,2,2
BRDA:706,70,3,2
BRDA:717,71,0,1
BRDA:717,71,1,1
BRDA:717,72,0,2
BRDA:717,72,1,1
BRDA:724,73,0,0
BRDA:724,73,1,1
BRDA:731,74,0,0
BRDA:731,74,1,1
BRDA:748,75,0,1
BRDA:748,75,1,1
BRDA:748,76,0,2
BRDA:748,76,1,1
BRDA:760,77,0,0
BRDA:760,77,1,1
BRF:164
BRH:110
end_of_record
TN:
SF:models\AdminProfile.js
FNF:0
FNH:0
DA:1,1
DA:3,1
DA:31,1
LF:3
LH:3
BRF:0
BRH:0
end_of_record
TN:
SF:models\Appointment.js
FNF:0
FNH:0
DA:1,3
DA:3,3
DA:16,3
LF:3
LH:3
BRF:0
BRH:0
end_of_record
TN:
SF:models\DoctorProfile.js
FNF:0
FNH:0
DA:1,3
DA:3,3
DA:9,3
DA:14,3
DA:27,3
LF:5
LH:5
BRF:0
BRH:0
end_of_record
TN:
SF:models\DoctorRequest.js
FNF:0
FNH:0
DA:1,1
DA:3,1
DA:67,1
LF:3
LH:3
BRF:0
BRH:0
end_of_record
TN:
SF:models\Feedback.js
FNF:0
FNH:0
DA:1,2
DA:3,2
DA:13,2
LF:3
LH:3
BRF:0
BRH:0
end_of_record
TN:
SF:models\PatientProfile.js
FNF:0
FNH:0
DA:1,2
DA:3,2
DA:15,2
LF:3
LH:3
BRF:0
BRH:0
end_of_record
TN:
SF:models\Payment.js
FNF:0
FNH:0
DA:1,1
DA:3,1
DA:14,1
LF:3
LH:3
BRF:0
BRH:0
end_of_record
TN:
SF:models\Shift.js
FNF:0
FNH:0
DA:1,3
DA:3,3
DA:14,3
LF:3
LH:3
BRF:0
BRH:0
end_of_record
TN:
SF:models\User.js
FNF:0
FNH:0
DA:1,3
DA:3,3
DA:15,3
LF:3
LH:3
BRF:0
BRH:0
end_of_record
